{"D:\\dev\\IDX-Exchange\\backend\\src\\routes\\properties.js": {"path":"D:\\dev\\IDX-Exchange\\backend\\src\\routes\\properties.js","statementMap":{"0":{"start":{"line":1,"column":16},"end":{"line":1,"column":34}},"1":{"start":{"line":2,"column":15},"end":{"line":2,"column":31}},"2":{"start":{"line":3,"column":13},"end":{"line":3,"column":35}},"3":{"start":{"line":6,"column":2},"end":{"line":6,"column":77}},"4":{"start":{"line":10,"column":2},"end":{"line":10,"column":80}},"5":{"start":{"line":13,"column":0},"end":{"line":167,"column":3}},"6":{"start":{"line":14,"column":2},"end":{"line":166,"column":3}},"7":{"start":{"line":24,"column":8},"end":{"line":24,"column":17}},"8":{"start":{"line":26,"column":18},"end":{"line":26,"column":78}},"9":{"start":{"line":28,"column":6},"end":{"line":28,"column":67}},"10":{"start":{"line":30,"column":4},"end":{"line":34,"column":5}},"11":{"start":{"line":31,"column":6},"end":{"line":33,"column":9}},"12":{"start":{"line":36,"column":4},"end":{"line":40,"column":5}},"13":{"start":{"line":37,"column":6},"end":{"line":39,"column":9}},"14":{"start":{"line":42,"column":4},"end":{"line":46,"column":5}},"15":{"start":{"line":43,"column":6},"end":{"line":45,"column":9}},"16":{"start":{"line":48,"column":4},"end":{"line":52,"column":5}},"17":{"start":{"line":49,"column":6},"end":{"line":51,"column":9}},"18":{"start":{"line":54,"column":4},"end":{"line":58,"column":5}},"19":{"start":{"line":55,"column":6},"end":{"line":57,"column":9}},"20":{"start":{"line":60,"column":4},"end":{"line":64,"column":5}},"21":{"start":{"line":61,"column":6},"end":{"line":63,"column":9}},"22":{"start":{"line":66,"column":28},"end":{"line":71,"column":5}},"23":{"start":{"line":73,"column":28},"end":{"line":73,"column":43}},"24":{"start":{"line":75,"column":4},"end":{"line":79,"column":5}},"25":{"start":{"line":76,"column":6},"end":{"line":78,"column":9}},"26":{"start":{"line":81,"column":30},"end":{"line":81,"column":35}},"27":{"start":{"line":83,"column":4},"end":{"line":91,"column":5}},"28":{"start":{"line":84,"column":6},"end":{"line":84,"column":60}},"29":{"start":{"line":86,"column":6},"end":{"line":90,"column":7}},"30":{"start":{"line":87,"column":8},"end":{"line":89,"column":11}},"31":{"start":{"line":93,"column":23},"end":{"line":93,"column":25}},"32":{"start":{"line":94,"column":19},"end":{"line":94,"column":21}},"33":{"start":{"line":97,"column":4},"end":{"line":100,"column":5}},"34":{"start":{"line":98,"column":6},"end":{"line":98,"column":62}},"35":{"start":{"line":99,"column":6},"end":{"line":99,"column":24}},"36":{"start":{"line":102,"column":4},"end":{"line":105,"column":5}},"37":{"start":{"line":103,"column":6},"end":{"line":103,"column":35}},"38":{"start":{"line":104,"column":6},"end":{"line":104,"column":27}},"39":{"start":{"line":107,"column":4},"end":{"line":110,"column":5}},"40":{"start":{"line":108,"column":6},"end":{"line":108,"column":44}},"41":{"start":{"line":109,"column":6},"end":{"line":109,"column":36}},"42":{"start":{"line":112,"column":4},"end":{"line":115,"column":5}},"43":{"start":{"line":113,"column":6},"end":{"line":113,"column":44}},"44":{"start":{"line":114,"column":6},"end":{"line":114,"column":36}},"45":{"start":{"line":117,"column":4},"end":{"line":120,"column":5}},"46":{"start":{"line":118,"column":6},"end":{"line":118,"column":41}},"47":{"start":{"line":119,"column":6},"end":{"line":119,"column":32}},"48":{"start":{"line":122,"column":4},"end":{"line":125,"column":5}},"49":{"start":{"line":123,"column":6},"end":{"line":123,"column":39}},"50":{"start":{"line":124,"column":6},"end":{"line":124,"column":33}},"51":{"start":{"line":128,"column":6},"end":{"line":128,"column":70}},"52":{"start":{"line":130,"column":24},"end":{"line":132,"column":10}},"53":{"start":{"line":134,"column":23},"end":{"line":138,"column":5}},"54":{"start":{"line":140,"column":26},"end":{"line":140,"column":62}},"55":{"start":{"line":141,"column":18},"end":{"line":141,"column":38}},"56":{"start":{"line":143,"column":22},"end":{"line":149,"column":9}},"57":{"start":{"line":151,"column":22},"end":{"line":151,"column":77}},"58":{"start":{"line":153,"column":4},"end":{"line":158,"column":7}},"59":{"start":{"line":160,"column":4},"end":{"line":160,"column":44}},"60":{"start":{"line":162,"column":4},"end":{"line":165,"column":7}},"61":{"start":{"line":170,"column":2},"end":{"line":175,"column":3}},"62":{"start":{"line":171,"column":4},"end":{"line":174,"column":6}},"63":{"start":{"line":177,"column":2},"end":{"line":182,"column":3}},"64":{"start":{"line":178,"column":4},"end":{"line":181,"column":6}},"65":{"start":{"line":184,"column":2},"end":{"line":189,"column":3}},"66":{"start":{"line":185,"column":4},"end":{"line":188,"column":6}},"67":{"start":{"line":191,"column":2},"end":{"line":191,"column":25}},"68":{"start":{"line":194,"column":0},"end":{"line":236,"column":3}},"69":{"start":{"line":195,"column":2},"end":{"line":235,"column":3}},"70":{"start":{"line":196,"column":19},"end":{"line":196,"column":29}},"71":{"start":{"line":198,"column":23},"end":{"line":198,"column":44}},"72":{"start":{"line":200,"column":4},"end":{"line":204,"column":5}},"73":{"start":{"line":201,"column":6},"end":{"line":203,"column":9}},"74":{"start":{"line":206,"column":28},"end":{"line":209,"column":5}},"75":{"start":{"line":211,"column":4},"end":{"line":216,"column":5}},"76":{"start":{"line":212,"column":6},"end":{"line":215,"column":9}},"77":{"start":{"line":218,"column":25},"end":{"line":226,"column":5}},"78":{"start":{"line":228,"column":4},"end":{"line":228,"column":25}},"79":{"start":{"line":230,"column":4},"end":{"line":230,"column":57}},"80":{"start":{"line":232,"column":4},"end":{"line":234,"column":7}},"81":{"start":{"line":238,"column":0},"end":{"line":270,"column":3}},"82":{"start":{"line":239,"column":2},"end":{"line":269,"column":3}},"83":{"start":{"line":240,"column":19},"end":{"line":240,"column":29}},"84":{"start":{"line":242,"column":23},"end":{"line":242,"column":44}},"85":{"start":{"line":244,"column":4},"end":{"line":248,"column":5}},"86":{"start":{"line":245,"column":6},"end":{"line":247,"column":9}},"87":{"start":{"line":250,"column":22},"end":{"line":253,"column":5}},"88":{"start":{"line":255,"column":4},"end":{"line":260,"column":5}},"89":{"start":{"line":256,"column":6},"end":{"line":259,"column":9}},"90":{"start":{"line":262,"column":4},"end":{"line":262,"column":25}},"91":{"start":{"line":264,"column":4},"end":{"line":264,"column":62}},"92":{"start":{"line":266,"column":4},"end":{"line":268,"column":7}},"93":{"start":{"line":272,"column":0},"end":{"line":272,"column":24}}},"fnMap":{"0":{"name":"isValidNumber","decl":{"start":{"line":5,"column":9},"end":{"line":5,"column":22}},"loc":{"start":{"line":5,"column":30},"end":{"line":7,"column":1}},"line":5},"1":{"name":"isValidInteger","decl":{"start":{"line":9,"column":9},"end":{"line":9,"column":23}},"loc":{"start":{"line":9,"column":31},"end":{"line":11,"column":1}},"line":9},"2":{"name":"(anonymous_2)","decl":{"start":{"line":13,"column":16},"end":{"line":13,"column":17}},"loc":{"start":{"line":13,"column":36},"end":{"line":167,"column":1}},"line":13},"3":{"name":"validateListingId","decl":{"start":{"line":169,"column":9},"end":{"line":169,"column":26}},"loc":{"start":{"line":169,"column":31},"end":{"line":192,"column":1}},"line":169},"4":{"name":"(anonymous_4)","decl":{"start":{"line":194,"column":30},"end":{"line":194,"column":31}},"loc":{"start":{"line":194,"column":50},"end":{"line":236,"column":1}},"line":194},"5":{"name":"(anonymous_5)","decl":{"start":{"line":238,"column":19},"end":{"line":238,"column":20}},"loc":{"start":{"line":238,"column":39},"end":{"line":270,"column":1}},"line":238}},"branchMap":{"0":{"loc":{"start":{"line":6,"column":9},"end":{"line":6,"column":76}},"type":"binary-expr","locations":[{"start":{"line":6,"column":9},"end":{"line":6,"column":28}},{"start":{"line":6,"column":32},"end":{"line":6,"column":44}},{"start":{"line":6,"column":48},"end":{"line":6,"column":76}}],"line":6},"1":{"loc":{"start":{"line":10,"column":9},"end":{"line":10,"column":79}},"type":"binary-expr","locations":[{"start":{"line":10,"column":9},"end":{"line":10,"column":28}},{"start":{"line":10,"column":32},"end":{"line":10,"column":44}},{"start":{"line":10,"column":48},"end":{"line":10,"column":79}}],"line":10},"2":{"loc":{"start":{"line":26,"column":18},"end":{"line":26,"column":78}},"type":"cond-expr","locations":[{"start":{"line":26,"column":50},"end":{"line":26,"column":52}},{"start":{"line":26,"column":55},"end":{"line":26,"column":78}}],"line":26},"3":{"loc":{"start":{"line":28,"column":6},"end":{"line":28,"column":67}},"type":"cond-expr","locations":[{"start":{"line":28,"column":39},"end":{"line":28,"column":40}},{"start":{"line":28,"column":43},"end":{"line":28,"column":67}}],"line":28},"4":{"loc":{"start":{"line":30,"column":4},"end":{"line":34,"column":5}},"type":"if","locations":[{"start":{"line":30,"column":4},"end":{"line":34,"column":5}},{"start":{},"end":{}}],"line":30},"5":{"loc":{"start":{"line":30,"column":8},"end":{"line":30,"column":60}},"type":"binary-expr","locations":[{"start":{"line":30,"column":8},"end":{"line":30,"column":32}},{"start":{"line":30,"column":36},"end":{"line":30,"column":45}},{"start":{"line":30,"column":49},"end":{"line":30,"column":60}}],"line":30},"6":{"loc":{"start":{"line":36,"column":4},"end":{"line":40,"column":5}},"type":"if","locations":[{"start":{"line":36,"column":4},"end":{"line":40,"column":5}},{"start":{},"end":{}}],"line":36},"7":{"loc":{"start":{"line":36,"column":8},"end":{"line":36,"column":47}},"type":"binary-expr","locations":[{"start":{"line":36,"column":8},"end":{"line":36,"column":33}},{"start":{"line":36,"column":37},"end":{"line":36,"column":47}}],"line":36},"8":{"loc":{"start":{"line":42,"column":4},"end":{"line":46,"column":5}},"type":"if","locations":[{"start":{"line":42,"column":4},"end":{"line":46,"column":5}},{"start":{},"end":{}}],"line":42},"9":{"loc":{"start":{"line":42,"column":8},"end":{"line":42,"column":58}},"type":"binary-expr","locations":[{"start":{"line":42,"column":8},"end":{"line":42,"column":30}},{"start":{"line":42,"column":34},"end":{"line":42,"column":58}}],"line":42},"10":{"loc":{"start":{"line":48,"column":4},"end":{"line":52,"column":5}},"type":"if","locations":[{"start":{"line":48,"column":4},"end":{"line":52,"column":5}},{"start":{},"end":{}}],"line":48},"11":{"loc":{"start":{"line":48,"column":8},"end":{"line":48,"column":58}},"type":"binary-expr","locations":[{"start":{"line":48,"column":8},"end":{"line":48,"column":30}},{"start":{"line":48,"column":34},"end":{"line":48,"column":58}}],"line":48},"12":{"loc":{"start":{"line":54,"column":4},"end":{"line":58,"column":5}},"type":"if","locations":[{"start":{"line":54,"column":4},"end":{"line":58,"column":5}},{"start":{},"end":{}}],"line":54},"13":{"loc":{"start":{"line":54,"column":8},"end":{"line":54,"column":51}},"type":"binary-expr","locations":[{"start":{"line":54,"column":8},"end":{"line":54,"column":26}},{"start":{"line":54,"column":30},"end":{"line":54,"column":51}}],"line":54},"14":{"loc":{"start":{"line":60,"column":4},"end":{"line":64,"column":5}},"type":"if","locations":[{"start":{"line":60,"column":4},"end":{"line":64,"column":5}},{"start":{},"end":{}}],"line":60},"15":{"loc":{"start":{"line":60,"column":8},"end":{"line":60,"column":52}},"type":"binary-expr","locations":[{"start":{"line":60,"column":8},"end":{"line":60,"column":27}},{"start":{"line":60,"column":31},"end":{"line":60,"column":52}}],"line":60},"16":{"loc":{"start":{"line":75,"column":4},"end":{"line":79,"column":5}},"type":"if","locations":[{"start":{"line":75,"column":4},"end":{"line":79,"column":5}},{"start":{},"end":{}}],"line":75},"17":{"loc":{"start":{"line":75,"column":8},"end":{"line":75,"column":65}},"type":"binary-expr","locations":[{"start":{"line":75,"column":8},"end":{"line":75,"column":28}},{"start":{"line":75,"column":32},"end":{"line":75,"column":65}}],"line":75},"18":{"loc":{"start":{"line":83,"column":4},"end":{"line":91,"column":5}},"type":"if","locations":[{"start":{"line":83,"column":4},"end":{"line":91,"column":5}},{"start":{},"end":{}}],"line":83},"19":{"loc":{"start":{"line":86,"column":6},"end":{"line":90,"column":7}},"type":"if","locations":[{"start":{"line":86,"column":6},"end":{"line":90,"column":7}},{"start":{},"end":{}}],"line":86},"20":{"loc":{"start":{"line":97,"column":4},"end":{"line":100,"column":5}},"type":"if","locations":[{"start":{"line":97,"column":4},"end":{"line":100,"column":5}},{"start":{},"end":{}}],"line":97},"21":{"loc":{"start":{"line":102,"column":4},"end":{"line":105,"column":5}},"type":"if","locations":[{"start":{"line":102,"column":4},"end":{"line":105,"column":5}},{"start":{},"end":{}}],"line":102},"22":{"loc":{"start":{"line":107,"column":4},"end":{"line":110,"column":5}},"type":"if","locations":[{"start":{"line":107,"column":4},"end":{"line":110,"column":5}},{"start":{},"end":{}}],"line":107},"23":{"loc":{"start":{"line":112,"column":4},"end":{"line":115,"column":5}},"type":"if","locations":[{"start":{"line":112,"column":4},"end":{"line":115,"column":5}},{"start":{},"end":{}}],"line":112},"24":{"loc":{"start":{"line":117,"column":4},"end":{"line":120,"column":5}},"type":"if","locations":[{"start":{"line":117,"column":4},"end":{"line":120,"column":5}},{"start":{},"end":{}}],"line":117},"25":{"loc":{"start":{"line":122,"column":4},"end":{"line":125,"column":5}},"type":"if","locations":[{"start":{"line":122,"column":4},"end":{"line":125,"column":5}},{"start":{},"end":{}}],"line":122},"26":{"loc":{"start":{"line":128,"column":6},"end":{"line":128,"column":70}},"type":"cond-expr","locations":[{"start":{"line":128,"column":30},"end":{"line":128,"column":65}},{"start":{"line":128,"column":68},"end":{"line":128,"column":70}}],"line":128},"27":{"loc":{"start":{"line":130,"column":24},"end":{"line":132,"column":10}},"type":"cond-expr","locations":[{"start":{"line":131,"column":8},"end":{"line":131,"column":51}},{"start":{"line":132,"column":8},"end":{"line":132,"column":10}}],"line":130},"28":{"loc":{"start":{"line":170,"column":2},"end":{"line":175,"column":3}},"type":"if","locations":[{"start":{"line":170,"column":2},"end":{"line":175,"column":3}},{"start":{},"end":{}}],"line":170},"29":{"loc":{"start":{"line":170,"column":6},"end":{"line":170,"column":29}},"type":"binary-expr","locations":[{"start":{"line":170,"column":6},"end":{"line":170,"column":9}},{"start":{"line":170,"column":13},"end":{"line":170,"column":29}}],"line":170},"30":{"loc":{"start":{"line":177,"column":2},"end":{"line":182,"column":3}},"type":"if","locations":[{"start":{"line":177,"column":2},"end":{"line":182,"column":3}},{"start":{},"end":{}}],"line":177},"31":{"loc":{"start":{"line":184,"column":2},"end":{"line":189,"column":3}},"type":"if","locations":[{"start":{"line":184,"column":2},"end":{"line":189,"column":3}},{"start":{},"end":{}}],"line":184},"32":{"loc":{"start":{"line":200,"column":4},"end":{"line":204,"column":5}},"type":"if","locations":[{"start":{"line":200,"column":4},"end":{"line":204,"column":5}},{"start":{},"end":{}}],"line":200},"33":{"loc":{"start":{"line":211,"column":4},"end":{"line":216,"column":5}},"type":"if","locations":[{"start":{"line":211,"column":4},"end":{"line":216,"column":5}},{"start":{},"end":{}}],"line":211},"34":{"loc":{"start":{"line":244,"column":4},"end":{"line":248,"column":5}},"type":"if","locations":[{"start":{"line":244,"column":4},"end":{"line":248,"column":5}},{"start":{},"end":{}}],"line":244},"35":{"loc":{"start":{"line":255,"column":4},"end":{"line":260,"column":5}},"type":"if","locations":[{"start":{"line":255,"column":4},"end":{"line":260,"column":5}},{"start":{},"end":{}}],"line":255}},"s":{"0":1,"1":1,"2":1,"3":6,"4":2,"5":1,"6":17,"7":17,"8":17,"9":17,"10":17,"11":2,"12":15,"13":1,"14":14,"15":1,"16":13,"17":1,"18":12,"19":1,"20":11,"21":1,"22":10,"23":10,"24":10,"25":1,"26":9,"27":9,"28":2,"29":2,"30":1,"31":8,"32":8,"33":8,"34":1,"35":1,"36":8,"37":1,"38":1,"39":8,"40":1,"41":1,"42":8,"43":1,"44":1,"45":8,"46":1,"47":1,"48":8,"49":1,"50":1,"51":8,"52":8,"53":8,"54":8,"55":8,"56":8,"57":8,"58":8,"59":0,"60":0,"61":6,"62":0,"63":6,"64":0,"65":6,"66":1,"67":5,"68":1,"69":3,"70":3,"71":3,"72":3,"73":0,"74":3,"75":3,"76":1,"77":2,"78":2,"79":0,"80":0,"81":1,"82":3,"83":3,"84":3,"85":3,"86":1,"87":2,"88":2,"89":1,"90":1,"91":0,"92":0,"93":1},"f":{"0":6,"1":2,"2":17,"3":6,"4":3,"5":3},"b":{"0":[6,6,6],"1":[2,2,2],"2":[14,3],"3":[15,2],"4":[2,15],"5":[17,16,16],"6":[1,14],"7":[15,15],"8":[1,13],"9":[14,2],"10":[1,12],"11":[13,2],"12":[1,11],"13":[12,2],"14":[1,10],"15":[11,2],"16":[1,9],"17":[10,3],"18":[2,7],"19":[1,1],"20":[1,7],"21":[1,7],"22":[1,7],"23":[1,7],"24":[1,7],"25":[1,7],"26":[6,2],"27":[1,7],"28":[0,6],"29":[6,6],"30":[0,6],"31":[1,5],"32":[0,3],"33":[1,2],"34":[1,2],"35":[1,1]},"_coverageSchema":"1a1c01bbd47fc00a2c39e90264f33305004495a9","hash":"336d3a16501239d7726b494fdc454eb783209bdb"}
}
