TN:
SF:src\routes\properties.js
FN:5,isValidNumber
FN:9,isValidInteger
FN:13,(anonymous_2)
FN:169,validateListingId
FN:194,(anonymous_4)
FN:238,(anonymous_5)
FNF:6
FNH:6
FNDA:6,isValidNumber
FNDA:2,isValidInteger
FNDA:17,(anonymous_2)
FNDA:6,validateListingId
FNDA:3,(anonymous_4)
FNDA:3,(anonymous_5)
DA:1,1
DA:2,1
DA:3,1
DA:6,6
DA:10,2
DA:13,1
DA:14,17
DA:24,17
DA:26,17
DA:28,17
DA:30,17
DA:31,2
DA:36,15
DA:37,1
DA:42,14
DA:43,1
DA:48,13
DA:49,1
DA:54,12
DA:55,1
DA:60,11
DA:61,1
DA:66,10
DA:73,10
DA:75,10
DA:76,1
DA:81,9
DA:83,9
DA:84,2
DA:86,2
DA:87,1
DA:93,8
DA:94,8
DA:97,8
DA:98,1
DA:99,1
DA:102,8
DA:103,1
DA:104,1
DA:107,8
DA:108,1
DA:109,1
DA:112,8
DA:113,1
DA:114,1
DA:117,8
DA:118,1
DA:119,1
DA:122,8
DA:123,1
DA:124,1
DA:128,8
DA:130,8
DA:134,8
DA:140,8
DA:141,8
DA:143,8
DA:151,8
DA:153,8
DA:160,0
DA:162,0
DA:170,6
DA:171,0
DA:177,6
DA:178,0
DA:184,6
DA:185,1
DA:191,5
DA:194,1
DA:195,3
DA:196,3
DA:198,3
DA:200,3
DA:201,0
DA:206,3
DA:211,3
DA:212,1
DA:218,2
DA:228,2
DA:230,0
DA:232,0
DA:238,1
DA:239,3
DA:240,3
DA:242,3
DA:244,3
DA:245,1
DA:250,2
DA:255,2
DA:256,1
DA:262,1
DA:264,0
DA:266,0
DA:272,1
LF:94
LH:85
BRDA:6,0,0,6
BRDA:6,0,1,6
BRDA:6,0,2,6
BRDA:10,1,0,2
BRDA:10,1,1,2
BRDA:10,1,2,2
BRDA:26,2,0,14
BRDA:26,2,1,3
BRDA:28,3,0,15
BRDA:28,3,1,2
BRDA:30,4,0,2
BRDA:30,4,1,15
BRDA:30,5,0,17
BRDA:30,5,1,16
BRDA:30,5,2,16
BRDA:36,6,0,1
BRDA:36,6,1,14
BRDA:36,7,0,15
BRDA:36,7,1,15
BRDA:42,8,0,1
BRDA:42,8,1,13
BRDA:42,9,0,14
BRDA:42,9,1,2
BRDA:48,10,0,1
BRDA:48,10,1,12
BRDA:48,11,0,13
BRDA:48,11,1,2
BRDA:54,12,0,1
BRDA:54,12,1,11
BRDA:54,13,0,12
BRDA:54,13,1,2
BRDA:60,14,0,1
BRDA:60,14,1,10
BRDA:60,15,0,11
BRDA:60,15,1,2
BRDA:75,16,0,1
BRDA:75,16,1,9
BRDA:75,17,0,10
BRDA:75,17,1,3
BRDA:83,18,0,2
BRDA:83,18,1,7
BRDA:86,19,0,1
BRDA:86,19,1,1
BRDA:97,20,0,1
BRDA:97,20,1,7
BRDA:102,21,0,1
BRDA:102,21,1,7
BRDA:107,22,0,1
BRDA:107,22,1,7
BRDA:112,23,0,1
BRDA:112,23,1,7
BRDA:117,24,0,1
BRDA:117,24,1,7
BRDA:122,25,0,1
BRDA:122,25,1,7
BRDA:128,26,0,6
BRDA:128,26,1,2
BRDA:130,27,0,1
BRDA:130,27,1,7
BRDA:170,28,0,0
BRDA:170,28,1,6
BRDA:170,29,0,6
BRDA:170,29,1,6
BRDA:177,30,0,0
BRDA:177,30,1,6
BRDA:184,31,0,1
BRDA:184,31,1,5
BRDA:200,32,0,0
BRDA:200,32,1,3
BRDA:211,33,0,1
BRDA:211,33,1,2
BRDA:244,34,0,1
BRDA:244,34,1,2
BRDA:255,35,0,1
BRDA:255,35,1,1
BRF:75
BRH:72
end_of_record
